Autotest: Begin at Sun Jun  6 14:55:03 CST 2021
Beginning test part1


Begin build at Sun Jun  6 14:55:04 CST 2021
Cleanning the project.................

for d in boot drivers init lib mm user fs;	\
		do					\
			make --directory=$d clean; \
		done; \
	rm -rf *.o *~ gxemul/vmlinux
make[1]: Entering directory `/usr/src/workdir/boot'
rm -rf *~ *.o
make[1]: Leaving directory `/usr/src/workdir/boot'
make[1]: Entering directory `/usr/src/workdir/drivers'
for d in gxconsole; \
		do				\
			make --directory=$d clean; \
		done
make[2]: Entering directory `/usr/src/workdir/drivers/gxconsole'
rm -rf *.o *~
make[2]: Leaving directory `/usr/src/workdir/drivers/gxconsole'
make[1]: Leaving directory `/usr/src/workdir/drivers'
make[1]: Entering directory `/usr/src/workdir/init'
rm -rf *~ *.o
make[1]: Leaving directory `/usr/src/workdir/init'
make[1]: Entering directory `/usr/src/workdir/lib'
rm -rf *~ *.o
make[1]: Leaving directory `/usr/src/workdir/lib'
make[1]: Entering directory `/usr/src/workdir/mm'
rm -rf *~ *.o
make[1]: Leaving directory `/usr/src/workdir/mm'
make[1]: Entering directory `/usr/src/workdir/user'
rm -rf *~ *.o *.b.c *.x *.b
make[1]: Leaving directory `/usr/src/workdir/user'
make[1]: Entering directory `/usr/src/workdir/fs'
rm -rf *~ *.o *.b.c *.b *.x
make[1]: Leaving directory `/usr/src/workdir/fs'

Building the project..................

make --directory=boot
make[1]: Entering directory `/usr/src/workdir/boot'
/OSLAB/compiler/usr/bin/mips_4KC-gcc -O -G 0 -mno-abicalls -fno-builtin -Wa,-xgot -Wall -fPIC -march=r3000 -I../include/ -c start.S 
make[1]: Leaving directory `/usr/src/workdir/boot'
make --directory=drivers
make[1]: Entering directory `/usr/src/workdir/drivers'
make --directory=gxconsole
make[2]: Entering directory `/usr/src/workdir/drivers/gxconsole'
/OSLAB/compiler/usr/bin/mips_4KC-gcc -O -G 0 -mno-abicalls -fno-builtin -Wa,-xgot -Wall -fPIC -march=r3000   -c -o console.o console.c
make[2]: Leaving directory `/usr/src/workdir/drivers/gxconsole'
make[1]: Leaving directory `/usr/src/workdir/drivers'
make --directory=init
make[1]: Entering directory `/usr/src/workdir/init'
/OSLAB/compiler/usr/bin/mips_4KC-gcc -O -G 0 -mno-abicalls -fno-builtin -Wa,-xgot -Wall -fPIC -march=r3000 -I../include -c init.c
/OSLAB/compiler/usr/bin/mips_4KC-gcc -O -G 0 -mno-abicalls -fno-builtin -Wa,-xgot -Wall -fPIC -march=r3000 -I../include -c main.c
/OSLAB/compiler/usr/bin/mips_4KC-gcc -O -G 0 -mno-abicalls -fno-builtin -Wa,-xgot -Wall -fPIC -march=r3000 -I../include -c code.c
make[1]: Leaving directory `/usr/src/workdir/init'
make --directory=lib
make[1]: Entering directory `/usr/src/workdir/lib'
/OSLAB/compiler/usr/bin/mips_4KC-gcc -O -G 0 -mno-abicalls -fno-builtin -Wa,-xgot -Wall -fPIC -march=r3000 -I./ -I../ -I../include/ -c kernel_elfloader.c
/OSLAB/compiler/usr/bin/mips_4KC-gcc -O -G 0 -mno-abicalls -fno-builtin -Wa,-xgot -Wall -fPIC -march=r3000 -I./ -I../ -I../include/ -c env.c
/OSLAB/compiler/usr/bin/mips_4KC-gcc -O -G 0 -mno-abicalls -fno-builtin -Wa,-xgot -Wall -fPIC -march=r3000 -I./ -I../ -I../include/ -c print.c
/OSLAB/compiler/usr/bin/mips_4KC-gcc -O -G 0 -mno-abicalls -fno-builtin -Wa,-xgot -Wall -fPIC -march=r3000 -I./ -I../ -I../include/ -c printf.c
/OSLAB/compiler/usr/bin/mips_4KC-gcc -O -G 0 -mno-abicalls -fno-builtin -Wa,-xgot -Wall -fPIC -march=r3000 -I./ -I../ -I../include/ -c sched.c
/OSLAB/compiler/usr/bin/mips_4KC-gcc -O -G 0 -mno-abicalls -fno-builtin -Wa,-xgot -Wall -fPIC -march=r3000 -I./ -I../ -I../include/ -c env_asm.S
env_asm.S: Assembler messages:
env_asm.S:62: Warning: Used $at without ".set noat"
/OSLAB/compiler/usr/bin/mips_4KC-gcc -O -G 0 -mno-abicalls -fno-builtin -Wa,-xgot -Wall -fPIC -march=r3000 -I./ -I../ -I../include/ -c kclock.c
/OSLAB/compiler/usr/bin/mips_4KC-gcc -O -G 0 -mno-abicalls -fno-builtin -Wa,-xgot -Wall -fPIC -march=r3000 -I./ -I../ -I../include/ -c traps.c
/OSLAB/compiler/usr/bin/mips_4KC-gcc -O -G 0 -mno-abicalls -fno-builtin -Wa,-xgot -Wall -fPIC -march=r3000 -I./ -I../ -I../include/ -c genex.S
genex.S: Assembler messages:
genex.S:54: Warning: Used $at without ".set noat"
genex.S:156: Warning: Used $at without ".set noat"
genex.S:157: Warning: Used $at without ".set noat"
genex.S:158: Warning: Used $at without ".set noat"
/OSLAB/compiler/usr/bin/mips_4KC-gcc -O -G 0 -mno-abicalls -fno-builtin -Wa,-xgot -Wall -fPIC -march=r3000 -I./ -I../ -I../include/ -c kclock_asm.S
/OSLAB/compiler/usr/bin/mips_4KC-gcc -O -G 0 -mno-abicalls -fno-builtin -Wa,-xgot -Wall -fPIC -march=r3000 -I./ -I../ -I../include/ -c syscall.S
syscall.S: Assembler messages:
syscall.S:9: Warning: Used $at without ".set noat"
/OSLAB/compiler/usr/bin/mips_4KC-gcc -O -G 0 -mno-abicalls -fno-builtin -Wa,-xgot -Wall -fPIC -march=r3000 -I./ -I../ -I../include/ -c syscall_all.c
syscall_all.c: In function 'sys_putchar':
syscall_all.c:19: warning: implicit declaration of function 'printcharc'
/OSLAB/compiler/usr/bin/mips_4KC-gcc -O -G 0 -mno-abicalls -fno-builtin -Wa,-xgot -Wall -fPIC -march=r3000 -I./ -I../ -I../include/ -c getc.S
make[1]: Leaving directory `/usr/src/workdir/lib'
make --directory=mm
make[1]: Entering directory `/usr/src/workdir/mm'
/OSLAB/compiler/usr/bin/mips_4KC-gcc -O -G 0 -mno-abicalls -fno-builtin -Wa,-xgot -Wall -fPIC -march=r3000 -I./ -I../ -I../include/ -c pmap.c
/OSLAB/compiler/usr/bin/mips_4KC-gcc -O -G 0 -mno-abicalls -fno-builtin -Wa,-xgot -Wall -fPIC -march=r3000 -I./ -I../ -I../include/ -c tlb_asm.S
make[1]: Leaving directory `/usr/src/workdir/mm'
make --directory=user
make[1]: Entering directory `/usr/src/workdir/user'
echo as entry.S
as entry.S
/OSLAB/compiler/usr/bin/mips_4KC-gcc -O -G 0 -mno-abicalls -fno-builtin -Wa,-xgot -Wall -fPIC -march=r3000 -I../include/ -c -o entry.o entry.S
entry.S: Assembler messages:
entry.S:104: Warning: Used $at without ".set noat"
echo as syscall_wrap.S
as syscall_wrap.S
/OSLAB/compiler/usr/bin/mips_4KC-gcc -O -G 0 -mno-abicalls -fno-builtin -Wa,-xgot -Wall -fPIC -march=r3000 -I../include/ -c -o syscall_wrap.o syscall_wrap.S
echo user1 cc testptelibrary.c
user1 cc testptelibrary.c
/OSLAB/compiler/usr/bin/mips_4KC-gcc -O -G 0 -mno-abicalls -fno-builtin -Wa,-xgot -Wall -fPIC -march=r3000 -I../include/ -c -o testptelibrary.o testptelibrary.c
testptelibrary.c: In function 'umain':
testptelibrary.c:16: warning: passing argument 2 of 'syscall_mem_alloc' makes integer from pointer without a cast
testptelibrary.c:45:2: warning: no newline at end of file
echo user1 cc printf.c
user1 cc printf.c
/OSLAB/compiler/usr/bin/mips_4KC-gcc -O -G 0 -mno-abicalls -fno-builtin -Wa,-xgot -Wall -fPIC -march=r3000 -I../include/ -c -o printf.o printf.c
printf.c: In function 'writef':
printf.c:27: warning: passing argument 1 of 'user_lp_Print' from incompatible pointer type
printf.c: In function '_user_panic':
printf.c:39: warning: passing argument 1 of 'user_lp_Print' from incompatible pointer type
echo user1 cc print.c
user1 cc print.c
/OSLAB/compiler/usr/bin/mips_4KC-gcc -O -G 0 -mno-abicalls -fno-builtin -Wa,-xgot -Wall -fPIC -march=r3000 -I../include/ -c -o print.o print.c
echo user1 cc libos.c
user1 cc libos.c
/OSLAB/compiler/usr/bin/mips_4KC-gcc -O -G 0 -mno-abicalls -fno-builtin -Wa,-xgot -Wall -fPIC -march=r3000 -I../include/ -c -o libos.o libos.c
echo user1 cc fork.c
user1 cc fork.c
/OSLAB/compiler/usr/bin/mips_4KC-gcc -O -G 0 -mno-abicalls -fno-builtin -Wa,-xgot -Wall -fPIC -march=r3000 -I../include/ -c -o fork.o fork.c
echo user1 cc pgfault.c
user1 cc pgfault.c
/OSLAB/compiler/usr/bin/mips_4KC-gcc -O -G 0 -mno-abicalls -fno-builtin -Wa,-xgot -Wall -fPIC -march=r3000 -I../include/ -c -o pgfault.o pgfault.c
echo user1 cc syscall_lib.c
user1 cc syscall_lib.c
/OSLAB/compiler/usr/bin/mips_4KC-gcc -O -G 0 -mno-abicalls -fno-builtin -Wa,-xgot -Wall -fPIC -march=r3000 -I../include/ -c -o syscall_lib.o syscall_lib.c
echo user1 cc ipc.c
user1 cc ipc.c
/OSLAB/compiler/usr/bin/mips_4KC-gcc -O -G 0 -mno-abicalls -fno-builtin -Wa,-xgot -Wall -fPIC -march=r3000 -I../include/ -c -o ipc.o ipc.c
ipc.c:3:17: warning: extra tokens at end of #include directive
echo user1 cc string.c
user1 cc string.c
/OSLAB/compiler/usr/bin/mips_4KC-gcc -O -G 0 -mno-abicalls -fno-builtin -Wa,-xgot -Wall -fPIC -march=r3000 -I../include/ -c -o string.o string.c
echo user1 cc fd.c
user1 cc fd.c
/OSLAB/compiler/usr/bin/mips_4KC-gcc -O -G 0 -mno-abicalls -fno-builtin -Wa,-xgot -Wall -fPIC -march=r3000 -I../include/ -c -o fd.o fd.c
echo user1 cc pageref.c
user1 cc pageref.c
/OSLAB/compiler/usr/bin/mips_4KC-gcc -O -G 0 -mno-abicalls -fno-builtin -Wa,-xgot -Wall -fPIC -march=r3000 -I../include/ -c -o pageref.o pageref.c
echo user1 cc file.c
user1 cc file.c
/OSLAB/compiler/usr/bin/mips_4KC-gcc -O -G 0 -mno-abicalls -fno-builtin -Wa,-xgot -Wall -fPIC -march=r3000 -I../include/ -c -o file.o file.c
echo user1 cc pipe.c
user1 cc pipe.c
/OSLAB/compiler/usr/bin/mips_4KC-gcc -O -G 0 -mno-abicalls -fno-builtin -Wa,-xgot -Wall -fPIC -march=r3000 -I../include/ -c -o pipe.o pipe.c
pipe.c: In function 'pipewrite':
pipe.c:170: warning: initialization discards qualifiers from pointer target type
pipe.c: In function 'pipestat':
pipe.c:192: warning: unused variable 'p'
pipe.c:196: warning: control reaches end of non-void function
pipe.c: In function 'pipeclose':
pipe.c:201: warning: passing argument 2 of 'syscall_mem_unmap' makes integer from pointer without a cast
echo user1 cc fsipc.c
user1 cc fsipc.c
/OSLAB/compiler/usr/bin/mips_4KC-gcc -O -G 0 -mno-abicalls -fno-builtin -Wa,-xgot -Wall -fPIC -march=r3000 -I../include/ -c -o fsipc.o fsipc.c
echo user1 cc wait.c
user1 cc wait.c
/OSLAB/compiler/usr/bin/mips_4KC-gcc -O -G 0 -mno-abicalls -fno-builtin -Wa,-xgot -Wall -fPIC -march=r3000 -I../include/ -c -o wait.o wait.c
echo user1 cc spawn.c
user1 cc spawn.c
/OSLAB/compiler/usr/bin/mips_4KC-gcc -O -G 0 -mno-abicalls -fno-builtin -Wa,-xgot -Wall -fPIC -march=r3000 -I../include/ -c -o spawn.o spawn.c
spawn.c: In function 'init_stack':
spawn.c:62: warning: assignment makes integer from pointer without a cast
spawn.c: In function 'spawn':
spawn.c:231: warning: unused variable 'blk'
spawn.c:309: warning: 'size' is used uninitialized in this function
echo user1 cc console.c
user1 cc console.c
/OSLAB/compiler/usr/bin/mips_4KC-gcc -O -G 0 -mno-abicalls -fno-builtin -Wa,-xgot -Wall -fPIC -march=r3000 -I../include/ -c -o console.o console.c
echo user1 cc fprintf.c
user1 cc fprintf.c
/OSLAB/compiler/usr/bin/mips_4KC-gcc -O -G 0 -mno-abicalls -fno-builtin -Wa,-xgot -Wall -fPIC -march=r3000 -I../include/ -c -o fprintf.o fprintf.c
fprintf.c: In function 'fwritef':
fprintf.c:24: warning: passing argument 1 of 'user_lp_Print' from incompatible pointer type
echo ld testptelibrary.b
ld testptelibrary.b
/OSLAB/compiler/usr/bin/mips_4KC-ld -o testptelibrary.b  -G 0 -static -n -nostdlib -T ./user.lds entry.o syscall_wrap.o testptelibrary.o printf.o print.o libos.o fork.o pgfault.o syscall_lib.o ipc.o string.o fd.o pageref.o file.o pipe.o fsipc.o wait.o spawn.o console.o fprintf.o
echo create testptelibrary.b.c
create testptelibrary.b.c
echo bintoc testptelibrary testptelibrary.b > testptelibrary.b.c~
chmod +x ./bintoc
./bintoc testptelibrary testptelibrary.b > testptelibrary.b.c~ && mv -f testptelibrary.b.c~ testptelibrary.b.c
echo cc1 testptelibrary.b.c 
cc1 testptelibrary.b.c
/OSLAB/compiler/usr/bin/mips_4KC-gcc -O -G 0 -mno-abicalls -fno-builtin -Wa,-xgot -Wall -fPIC -march=r3000 -c -o testptelibrary.x testptelibrary.b.c
echo user1 cc fktest.c
user1 cc fktest.c
/OSLAB/compiler/usr/bin/mips_4KC-gcc -O -G 0 -mno-abicalls -fno-builtin -Wa,-xgot -Wall -fPIC -march=r3000 -I../include/ -c -o fktest.o fktest.c
echo ld fktest.b
ld fktest.b
/OSLAB/compiler/usr/bin/mips_4KC-ld -o fktest.b  -G 0 -static -n -nostdlib -T ./user.lds entry.o syscall_wrap.o fktest.o printf.o print.o libos.o fork.o pgfault.o syscall_lib.o ipc.o string.o fd.o pageref.o file.o pipe.o fsipc.o wait.o spawn.o console.o fprintf.o
echo create fktest.b.c
create fktest.b.c
echo bintoc fktest fktest.b > fktest.b.c~
chmod +x ./bintoc
./bintoc fktest fktest.b > fktest.b.c~ && mv -f fktest.b.c~ fktest.b.c
echo cc1 fktest.b.c 
cc1 fktest.b.c
/OSLAB/compiler/usr/bin/mips_4KC-gcc -O -G 0 -mno-abicalls -fno-builtin -Wa,-xgot -Wall -fPIC -march=r3000 -c -o fktest.x fktest.b.c
echo user1 cc pingpong.c
user1 cc pingpong.c
/OSLAB/compiler/usr/bin/mips_4KC-gcc -O -G 0 -mno-abicalls -fno-builtin -Wa,-xgot -Wall -fPIC -march=r3000 -I../include/ -c -o pingpong.o pingpong.c
echo ld pingpong.b
ld pingpong.b
/OSLAB/compiler/usr/bin/mips_4KC-ld -o pingpong.b  -G 0 -static -n -nostdlib -T ./user.lds entry.o syscall_wrap.o pingpong.o printf.o print.o libos.o fork.o pgfault.o syscall_lib.o ipc.o string.o fd.o pageref.o file.o pipe.o fsipc.o wait.o spawn.o console.o fprintf.o
echo create pingpong.b.c
create pingpong.b.c
echo bintoc pingpong pingpong.b > pingpong.b.c~
chmod +x ./bintoc
./bintoc pingpong pingpong.b > pingpong.b.c~ && mv -f pingpong.b.c~ pingpong.b.c
echo cc1 pingpong.b.c 
cc1 pingpong.b.c
/OSLAB/compiler/usr/bin/mips_4KC-gcc -O -G 0 -mno-abicalls -fno-builtin -Wa,-xgot -Wall -fPIC -march=r3000 -c -o pingpong.x pingpong.b.c
echo user1 cc idle.c
user1 cc idle.c
/OSLAB/compiler/usr/bin/mips_4KC-gcc -O -G 0 -mno-abicalls -fno-builtin -Wa,-xgot -Wall -fPIC -march=r3000 -I../include/ -c -o idle.o idle.c
idle.c:4: warning: return type defaults to 'int'
idle.c:4: warning: conflicting types for 'umain'
lib.h:11: warning: previous declaration of 'umain' was here
echo ld idle.b
ld idle.b
/OSLAB/compiler/usr/bin/mips_4KC-ld -o idle.b  -G 0 -static -n -nostdlib -T ./user.lds entry.o syscall_wrap.o idle.o printf.o print.o libos.o fork.o pgfault.o syscall_lib.o ipc.o string.o fd.o pageref.o file.o pipe.o fsipc.o wait.o spawn.o console.o fprintf.o
echo create idle.b.c
create idle.b.c
echo bintoc idle idle.b > idle.b.c~
chmod +x ./bintoc
./bintoc idle idle.b > idle.b.c~ && mv -f idle.b.c~ idle.b.c
echo cc1 idle.b.c 
cc1 idle.b.c
/OSLAB/compiler/usr/bin/mips_4KC-gcc -O -G 0 -mno-abicalls -fno-builtin -Wa,-xgot -Wall -fPIC -march=r3000 -c -o idle.x idle.b.c
echo user1 cc testarg.c
user1 cc testarg.c
/OSLAB/compiler/usr/bin/mips_4KC-gcc -O -G 0 -mno-abicalls -fno-builtin -Wa,-xgot -Wall -fPIC -march=r3000 -I../include/ -c -o testarg.o testarg.c
echo ld testarg.b
ld testarg.b
/OSLAB/compiler/usr/bin/mips_4KC-ld -o testarg.b  -G 0 -static -n -nostdlib -T ./user.lds entry.o syscall_wrap.o testarg.o printf.o print.o libos.o fork.o pgfault.o syscall_lib.o ipc.o string.o fd.o pageref.o file.o pipe.o fsipc.o wait.o spawn.o console.o fprintf.o
echo user1 cc testpipe.c
user1 cc testpipe.c
/OSLAB/compiler/usr/bin/mips_4KC-gcc -O -G 0 -mno-abicalls -fno-builtin -Wa,-xgot -Wall -fPIC -march=r3000 -I../include/ -c -o testpipe.o testpipe.c
echo ld testpipe.b
ld testpipe.b
/OSLAB/compiler/usr/bin/mips_4KC-ld -o testpipe.b  -G 0 -static -n -nostdlib -T ./user.lds entry.o syscall_wrap.o testpipe.o printf.o print.o libos.o fork.o pgfault.o syscall_lib.o ipc.o string.o fd.o pageref.o file.o pipe.o fsipc.o wait.o spawn.o console.o fprintf.o
echo create testpipe.b.c
create testpipe.b.c
echo bintoc testpipe testpipe.b > testpipe.b.c~
chmod +x ./bintoc
./bintoc testpipe testpipe.b > testpipe.b.c~ && mv -f testpipe.b.c~ testpipe.b.c
echo cc1 testpipe.b.c 
cc1 testpipe.b.c
/OSLAB/compiler/usr/bin/mips_4KC-gcc -O -G 0 -mno-abicalls -fno-builtin -Wa,-xgot -Wall -fPIC -march=r3000 -c -o testpipe.x testpipe.b.c
echo user1 cc testpiperace.c
user1 cc testpiperace.c
/OSLAB/compiler/usr/bin/mips_4KC-gcc -O -G 0 -mno-abicalls -fno-builtin -Wa,-xgot -Wall -fPIC -march=r3000 -I../include/ -c -o testpiperace.o testpiperace.c
echo ld testpiperace.b
ld testpiperace.b
/OSLAB/compiler/usr/bin/mips_4KC-ld -o testpiperace.b  -G 0 -static -n -nostdlib -T ./user.lds entry.o syscall_wrap.o testpiperace.o printf.o print.o libos.o fork.o pgfault.o syscall_lib.o ipc.o string.o fd.o pageref.o file.o pipe.o fsipc.o wait.o spawn.o console.o fprintf.o
echo create testpiperace.b.c
create testpiperace.b.c
echo bintoc testpiperace testpiperace.b > testpiperace.b.c~
chmod +x ./bintoc
./bintoc testpiperace testpiperace.b > testpiperace.b.c~ && mv -f testpiperace.b.c~ testpiperace.b.c
echo cc1 testpiperace.b.c 
cc1 testpiperace.b.c
/OSLAB/compiler/usr/bin/mips_4KC-gcc -O -G 0 -mno-abicalls -fno-builtin -Wa,-xgot -Wall -fPIC -march=r3000 -c -o testpiperace.x testpiperace.b.c
echo user1 cc icode.c
user1 cc icode.c
/OSLAB/compiler/usr/bin/mips_4KC-gcc -O -G 0 -mno-abicalls -fno-builtin -Wa,-xgot -Wall -fPIC -march=r3000 -I../include/ -c -o icode.o icode.c
echo ld icode.b
ld icode.b
/OSLAB/compiler/usr/bin/mips_4KC-ld -o icode.b  -G 0 -static -n -nostdlib -T ./user.lds entry.o syscall_wrap.o icode.o printf.o print.o libos.o fork.o pgfault.o syscall_lib.o ipc.o string.o fd.o pageref.o file.o pipe.o fsipc.o wait.o spawn.o console.o fprintf.o
echo create icode.b.c
create icode.b.c
echo bintoc icode icode.b > icode.b.c~
chmod +x ./bintoc
./bintoc icode icode.b > icode.b.c~ && mv -f icode.b.c~ icode.b.c
echo cc1 icode.b.c 
cc1 icode.b.c
/OSLAB/compiler/usr/bin/mips_4KC-gcc -O -G 0 -mno-abicalls -fno-builtin -Wa,-xgot -Wall -fPIC -march=r3000 -c -o icode.x icode.b.c
echo user1 cc init.c
user1 cc init.c
/OSLAB/compiler/usr/bin/mips_4KC-gcc -O -G 0 -mno-abicalls -fno-builtin -Wa,-xgot -Wall -fPIC -march=r3000 -I../include/ -c -o init.o init.c
echo ld init.b
ld init.b
/OSLAB/compiler/usr/bin/mips_4KC-ld -o init.b  -G 0 -static -n -nostdlib -T ./user.lds entry.o syscall_wrap.o init.o printf.o print.o libos.o fork.o pgfault.o syscall_lib.o ipc.o string.o fd.o pageref.o file.o pipe.o fsipc.o wait.o spawn.o console.o fprintf.o
echo user1 cc sh.c
user1 cc sh.c
/OSLAB/compiler/usr/bin/mips_4KC-gcc -O -G 0 -mno-abicalls -fno-builtin -Wa,-xgot -Wall -fPIC -march=r3000 -I../include/ -c -o sh.o sh.c
sh.c: In function 'runcmd':
sh.c:85: warning: unused variable 'fdnum'
echo ld sh.b
ld sh.b
/OSLAB/compiler/usr/bin/mips_4KC-ld -o sh.b  -G 0 -static -n -nostdlib -T ./user.lds entry.o syscall_wrap.o sh.o printf.o print.o libos.o fork.o pgfault.o syscall_lib.o ipc.o string.o fd.o pageref.o file.o pipe.o fsipc.o wait.o spawn.o console.o fprintf.o
echo user1 cc cat.c
user1 cc cat.c
/OSLAB/compiler/usr/bin/mips_4KC-gcc -O -G 0 -mno-abicalls -fno-builtin -Wa,-xgot -Wall -fPIC -march=r3000 -I../include/ -c -o cat.o cat.c
echo ld cat.b
ld cat.b
/OSLAB/compiler/usr/bin/mips_4KC-ld -o cat.b  -G 0 -static -n -nostdlib -T ./user.lds entry.o syscall_wrap.o cat.o printf.o print.o libos.o fork.o pgfault.o syscall_lib.o ipc.o string.o fd.o pageref.o file.o pipe.o fsipc.o wait.o spawn.o console.o fprintf.o
echo user1 cc ls.c
user1 cc ls.c
/OSLAB/compiler/usr/bin/mips_4KC-gcc -O -G 0 -mno-abicalls -fno-builtin -Wa,-xgot -Wall -fPIC -march=r3000 -I../include/ -c -o ls.o ls.c
ls.c: In function 'lsdir':
ls.c:32: warning: pointer targets in passing argument 4 of 'ls1' differ in signedness
echo ld ls.b
ld ls.b
/OSLAB/compiler/usr/bin/mips_4KC-ld -o ls.b  -G 0 -static -n -nostdlib -T ./user.lds entry.o syscall_wrap.o ls.o printf.o print.o libos.o fork.o pgfault.o syscall_lib.o ipc.o string.o fd.o pageref.o file.o pipe.o fsipc.o wait.o spawn.o console.o fprintf.o
echo user1 cc fstest.c
user1 cc fstest.c
/OSLAB/compiler/usr/bin/mips_4KC-gcc -O -G 0 -mno-abicalls -fno-builtin -Wa,-xgot -Wall -fPIC -march=r3000 -I../include/ -c -o fstest.o fstest.c
fstest.c: In function 'umain':
fstest.c:59: warning: implicit declaration of function 'remove'
echo ld fstest.b
ld fstest.b
/OSLAB/compiler/usr/bin/mips_4KC-ld -o fstest.b  -G 0 -static -n -nostdlib -T ./user.lds entry.o syscall_wrap.o fstest.o printf.o print.o libos.o fork.o pgfault.o syscall_lib.o ipc.o string.o fd.o pageref.o file.o pipe.o fsipc.o wait.o spawn.o console.o fprintf.o
echo create fstest.b.c
create fstest.b.c
echo bintoc fstest fstest.b > fstest.b.c~
chmod +x ./bintoc
./bintoc fstest fstest.b > fstest.b.c~ && mv -f fstest.b.c~ fstest.b.c
echo cc1 fstest.b.c 
cc1 fstest.b.c
/OSLAB/compiler/usr/bin/mips_4KC-gcc -O -G 0 -mno-abicalls -fno-builtin -Wa,-xgot -Wall -fPIC -march=r3000 -c -o fstest.x fstest.b.c
rm testpiperace.b.c testpipe.o idle.o testarg.o testptelibrary.o pingpong.b.c icode.b.c idle.b testpiperace.o fktest.b.c testpipe.b.c idle.b.c testpiperace.b pingpong.o testptelibrary.b.c init.o icode.o cat.o sh.o fstest.b.c fstest.o testpipe.b ls.o icode.b fktest.o
make[1]: Leaving directory `/usr/src/workdir/user'
make --directory=fs
make[1]: Entering directory `/usr/src/workdir/fs'
echo user1 cc serv.c
user1 cc serv.c
/OSLAB/compiler/usr/bin/mips_4KC-gcc -O -G 0 -mno-abicalls -fno-builtin -Wa,-xgot -Wall -fPIC -march=r3000 -I../include/ -I../user/ -c -o serv.o serv.c
echo user1 cc fs.c
user1 cc fs.c
/OSLAB/compiler/usr/bin/mips_4KC-gcc -O -G 0 -mno-abicalls -fno-builtin -Wa,-xgot -Wall -fPIC -march=r3000 -I../include/ -I../user/ -c -o fs.o fs.c
echo user1 cc ide.c
user1 cc ide.c
/OSLAB/compiler/usr/bin/mips_4KC-gcc -O -G 0 -mno-abicalls -fno-builtin -Wa,-xgot -Wall -fPIC -march=r3000 -I../include/ -I../user/ -c -o ide.o ide.c
echo user1 cc test.c
user1 cc test.c
/OSLAB/compiler/usr/bin/mips_4KC-gcc -O -G 0 -mno-abicalls -fno-builtin -Wa,-xgot -Wall -fPIC -march=r3000 -I../include/ -I../user/ -c -o test.o test.c
echo ld serv.b
ld serv.b
/OSLAB/compiler/usr/bin/mips_4KC-ld -o serv.b  -G 0 -static -n -nostdlib -T ../user/user.lds ../user/entry.o ../user/syscall_wrap.o serv.o ../user/printf.o ../user/print.o ../user/libos.o ../user/fork.o ../user/pgfault.o ../user/syscall_lib.o ../user/ipc.o ../user/string.o ../user/fd.o ../user/pageref.o ../user/file.o ../user/fsipc.o ../user/wait.o ../user/spawn.o ../user/pipe.o ../user/console.o ../user/fprintf.o fs.o ide.o test.o
echo create serv.b.c
create serv.b.c
echo bintoc serv serv.b > serv.b.c~
chmod +x ./bintoc
./bintoc serv serv.b > serv.b.c~ && mv -f serv.b.c~ serv.b.c
echo cc1 serv.b.c
cc1 serv.b.c
/OSLAB/compiler/usr/bin/mips_4KC-gcc -I../include/ -I../user/ -O -G 0 -mno-abicalls -fno-builtin -Wa,-xgot -Wall -fPIC -march=r3000 -c -o serv.x serv.b.c
echo user1 cc ../user/testarg.c
user1 cc ../user/testarg.c
/OSLAB/compiler/usr/bin/mips_4KC-gcc -O -G 0 -mno-abicalls -fno-builtin -Wa,-xgot -Wall -fPIC -march=r3000 -I../include/ -I../user/ -c -o ../user/testarg.o ../user/testarg.c
echo ld ../user/testarg.b
ld ../user/testarg.b
/OSLAB/compiler/usr/bin/mips_4KC-ld -o ../user/testarg.b  -G 0 -static -n -nostdlib -T ../user/user.lds ../user/entry.o ../user/syscall_wrap.o ../user/testarg.o ../user/printf.o ../user/print.o ../user/libos.o ../user/fork.o ../user/pgfault.o ../user/syscall_lib.o ../user/ipc.o ../user/string.o ../user/fd.o ../user/pageref.o ../user/file.o ../user/fsipc.o ../user/wait.o ../user/spawn.o ../user/pipe.o ../user/console.o ../user/fprintf.o fs.o ide.o test.o
echo user1 cc ../user/init.c
user1 cc ../user/init.c
/OSLAB/compiler/usr/bin/mips_4KC-gcc -O -G 0 -mno-abicalls -fno-builtin -Wa,-xgot -Wall -fPIC -march=r3000 -I../include/ -I../user/ -c -o ../user/init.o ../user/init.c
echo ld ../user/init.b
ld ../user/init.b
/OSLAB/compiler/usr/bin/mips_4KC-ld -o ../user/init.b  -G 0 -static -n -nostdlib -T ../user/user.lds ../user/entry.o ../user/syscall_wrap.o ../user/init.o ../user/printf.o ../user/print.o ../user/libos.o ../user/fork.o ../user/pgfault.o ../user/syscall_lib.o ../user/ipc.o ../user/string.o ../user/fd.o ../user/pageref.o ../user/file.o ../user/fsipc.o ../user/wait.o ../user/spawn.o ../user/pipe.o ../user/console.o ../user/fprintf.o fs.o ide.o test.o
echo user1 cc ../user/num.c
user1 cc ../user/num.c
/OSLAB/compiler/usr/bin/mips_4KC-gcc -O -G 0 -mno-abicalls -fno-builtin -Wa,-xgot -Wall -fPIC -march=r3000 -I../include/ -I../user/ -c -o ../user/num.o ../user/num.c
echo ld ../user/num.b
ld ../user/num.b
/OSLAB/compiler/usr/bin/mips_4KC-ld -o ../user/num.b  -G 0 -static -n -nostdlib -T ../user/user.lds ../user/entry.o ../user/syscall_wrap.o ../user/num.o ../user/printf.o ../user/print.o ../user/libos.o ../user/fork.o ../user/pgfault.o ../user/syscall_lib.o ../user/ipc.o ../user/string.o ../user/fd.o ../user/pageref.o ../user/file.o ../user/fsipc.o ../user/wait.o ../user/spawn.o ../user/pipe.o ../user/console.o ../user/fprintf.o fs.o ide.o test.o
echo user1 cc ../user/echo.c
user1 cc ../user/echo.c
/OSLAB/compiler/usr/bin/mips_4KC-gcc -O -G 0 -mno-abicalls -fno-builtin -Wa,-xgot -Wall -fPIC -march=r3000 -I../include/ -I../user/ -c -o ../user/echo.o ../user/echo.c
../user/echo.c:21:2: warning: no newline at end of file
echo ld ../user/echo.b
ld ../user/echo.b
/OSLAB/compiler/usr/bin/mips_4KC-ld -o ../user/echo.b  -G 0 -static -n -nostdlib -T ../user/user.lds ../user/entry.o ../user/syscall_wrap.o ../user/echo.o ../user/printf.o ../user/print.o ../user/libos.o ../user/fork.o ../user/pgfault.o ../user/syscall_lib.o ../user/ipc.o ../user/string.o ../user/fd.o ../user/pageref.o ../user/file.o ../user/fsipc.o ../user/wait.o ../user/spawn.o ../user/pipe.o ../user/console.o ../user/fprintf.o fs.o ide.o test.o
echo user1 cc ../user/ls.c
user1 cc ../user/ls.c
/OSLAB/compiler/usr/bin/mips_4KC-gcc -O -G 0 -mno-abicalls -fno-builtin -Wa,-xgot -Wall -fPIC -march=r3000 -I../include/ -I../user/ -c -o ../user/ls.o ../user/ls.c
../user/ls.c: In function 'lsdir':
../user/ls.c:32: warning: pointer targets in passing argument 4 of 'ls1' differ in signedness
echo ld ../user/ls.b
ld ../user/ls.b
/OSLAB/compiler/usr/bin/mips_4KC-ld -o ../user/ls.b  -G 0 -static -n -nostdlib -T ../user/user.lds ../user/entry.o ../user/syscall_wrap.o ../user/ls.o ../user/printf.o ../user/print.o ../user/libos.o ../user/fork.o ../user/pgfault.o ../user/syscall_lib.o ../user/ipc.o ../user/string.o ../user/fd.o ../user/pageref.o ../user/file.o ../user/fsipc.o ../user/wait.o ../user/spawn.o ../user/pipe.o ../user/console.o ../user/fprintf.o fs.o ide.o test.o
echo user1 cc ../user/sh.c
user1 cc ../user/sh.c
/OSLAB/compiler/usr/bin/mips_4KC-gcc -O -G 0 -mno-abicalls -fno-builtin -Wa,-xgot -Wall -fPIC -march=r3000 -I../include/ -I../user/ -c -o ../user/sh.o ../user/sh.c
../user/sh.c: In function 'runcmd':
../user/sh.c:85: warning: unused variable 'fdnum'
echo ld ../user/sh.b
ld ../user/sh.b
/OSLAB/compiler/usr/bin/mips_4KC-ld -o ../user/sh.b  -G 0 -static -n -nostdlib -T ../user/user.lds ../user/entry.o ../user/syscall_wrap.o ../user/sh.o ../user/printf.o ../user/print.o ../user/libos.o ../user/fork.o ../user/pgfault.o ../user/syscall_lib.o ../user/ipc.o ../user/string.o ../user/fd.o ../user/pageref.o ../user/file.o ../user/fsipc.o ../user/wait.o ../user/spawn.o ../user/pipe.o ../user/console.o ../user/fprintf.o fs.o ide.o test.o
echo user1 cc ../user/cat.c
user1 cc ../user/cat.c
/OSLAB/compiler/usr/bin/mips_4KC-gcc -O -G 0 -mno-abicalls -fno-builtin -Wa,-xgot -Wall -fPIC -march=r3000 -I../include/ -I../user/ -c -o ../user/cat.o ../user/cat.c
echo ld ../user/cat.b
ld ../user/cat.b
/OSLAB/compiler/usr/bin/mips_4KC-ld -o ../user/cat.b  -G 0 -static -n -nostdlib -T ../user/user.lds ../user/entry.o ../user/syscall_wrap.o ../user/cat.o ../user/printf.o ../user/print.o ../user/libos.o ../user/fork.o ../user/pgfault.o ../user/syscall_lib.o ../user/ipc.o ../user/string.o ../user/fd.o ../user/pageref.o ../user/file.o ../user/fsipc.o ../user/wait.o ../user/spawn.o ../user/pipe.o ../user/console.o ../user/fprintf.o fs.o ide.o test.o
echo user1 cc ../user/testptelibrary.c
user1 cc ../user/testptelibrary.c
/OSLAB/compiler/usr/bin/mips_4KC-gcc -O -G 0 -mno-abicalls -fno-builtin -Wa,-xgot -Wall -fPIC -march=r3000 -I../include/ -I../user/ -c -o ../user/testptelibrary.o ../user/testptelibrary.c
../user/testptelibrary.c: In function 'umain':
../user/testptelibrary.c:16: warning: passing argument 2 of 'syscall_mem_alloc' makes integer from pointer without a cast
../user/testptelibrary.c:45:2: warning: no newline at end of file
echo ld ../user/testptelibrary.b
ld ../user/testptelibrary.b
/OSLAB/compiler/usr/bin/mips_4KC-ld -o ../user/testptelibrary.b  -G 0 -static -n -nostdlib -T ../user/user.lds ../user/entry.o ../user/syscall_wrap.o ../user/testptelibrary.o ../user/printf.o ../user/print.o ../user/libos.o ../user/fork.o ../user/pgfault.o ../user/syscall_lib.o ../user/ipc.o ../user/string.o ../user/fd.o ../user/pageref.o ../user/file.o ../user/fsipc.o ../user/wait.o ../user/spawn.o ../user/pipe.o ../user/console.o ../user/fprintf.o fs.o ide.o test.o
dd if=/dev/zero of=../gxemul/fs.img bs=4096 count=1024 2>/dev/null
gcc -I../include/ -I../user/ fsformat.c -o ./fsformat -m32
chmod +x ./fsformat
./fsformat ../gxemul/fs.img motd lorem newmotd ../user/testarg.b ../user/init.b ../user/num.b ../user/echo.b ../user/ls.b ../user/sh.b ../user/cat.b ../user/testptelibrary.b
rm serv.o ../user/testptelibrary.o test.o ../user/ls.o ../user/echo.o ../user/cat.o ../user/sh.o ../user/init.o ../user/testarg.o serv.b.c ide.o fs.o ../user/num.o
make[1]: Leaving directory `/usr/src/workdir/fs'
/OSLAB/compiler/usr/bin/mips_4KC-ld -o gxemul/vmlinux -N -T tools/scse0_3.lds boot/start.o init/main.o init/init.o init/code.o drivers/gxconsole/console.o lib/*.o user/*.x fs/*.x mm/*.o

End build at Sun Jun  6 14:55:09 CST 2021
Beginning test part2 >>>>>>>>>


Begin build at Sun Jun  6 14:55:19 CST 2021
Cleanning the project.................

for d in boot drivers init lib mm user fs;	\
		do					\
			make --directory=$d clean; \
		done; \
	rm -rf *.o *~ gxemul/vmlinux
make[1]: Entering directory `/usr/src/workdir/boot'
rm -rf *~ *.o
make[1]: Leaving directory `/usr/src/workdir/boot'
make[1]: Entering directory `/usr/src/workdir/drivers'
for d in gxconsole; \
		do				\
			make --directory=$d clean; \
		done
make[2]: Entering directory `/usr/src/workdir/drivers/gxconsole'
rm -rf *.o *~
make[2]: Leaving directory `/usr/src/workdir/drivers/gxconsole'
make[1]: Leaving directory `/usr/src/workdir/drivers'
make[1]: Entering directory `/usr/src/workdir/init'
rm -rf *~ *.o
make[1]: Leaving directory `/usr/src/workdir/init'
make[1]: Entering directory `/usr/src/workdir/lib'
rm -rf *~ *.o
make[1]: Leaving directory `/usr/src/workdir/lib'
make[1]: Entering directory `/usr/src/workdir/mm'
rm -rf *~ *.o
make[1]: Leaving directory `/usr/src/workdir/mm'
make[1]: Entering directory `/usr/src/workdir/user'
rm -rf *~ *.o *.b.c *.x *.b
make[1]: Leaving directory `/usr/src/workdir/user'
make[1]: Entering directory `/usr/src/workdir/fs'
rm -rf *~ *.o *.b.c *.b *.x
make[1]: Leaving directory `/usr/src/workdir/fs'

Building the project..................

make --directory=boot
make[1]: Entering directory `/usr/src/workdir/boot'
/OSLAB/compiler/usr/bin/mips_4KC-gcc -O -G 0 -mno-abicalls -fno-builtin -Wa,-xgot -Wall -fPIC -march=r3000 -I../include/ -c start.S 
make[1]: Leaving directory `/usr/src/workdir/boot'
make --directory=drivers
make[1]: Entering directory `/usr/src/workdir/drivers'
make --directory=gxconsole
make[2]: Entering directory `/usr/src/workdir/drivers/gxconsole'
/OSLAB/compiler/usr/bin/mips_4KC-gcc -O -G 0 -mno-abicalls -fno-builtin -Wa,-xgot -Wall -fPIC -march=r3000   -c -o console.o console.c
make[2]: Leaving directory `/usr/src/workdir/drivers/gxconsole'
make[1]: Leaving directory `/usr/src/workdir/drivers'
make --directory=init
make[1]: Entering directory `/usr/src/workdir/init'
/OSLAB/compiler/usr/bin/mips_4KC-gcc -O -G 0 -mno-abicalls -fno-builtin -Wa,-xgot -Wall -fPIC -march=r3000 -I../include -c init.c
/OSLAB/compiler/usr/bin/mips_4KC-gcc -O -G 0 -mno-abicalls -fno-builtin -Wa,-xgot -Wall -fPIC -march=r3000 -I../include -c main.c
/OSLAB/compiler/usr/bin/mips_4KC-gcc -O -G 0 -mno-abicalls -fno-builtin -Wa,-xgot -Wall -fPIC -march=r3000 -I../include -c code.c
make[1]: Leaving directory `/usr/src/workdir/init'
make --directory=lib
make[1]: Entering directory `/usr/src/workdir/lib'
/OSLAB/compiler/usr/bin/mips_4KC-gcc -O -G 0 -mno-abicalls -fno-builtin -Wa,-xgot -Wall -fPIC -march=r3000 -I./ -I../ -I../include/ -c kernel_elfloader.c
/OSLAB/compiler/usr/bin/mips_4KC-gcc -O -G 0 -mno-abicalls -fno-builtin -Wa,-xgot -Wall -fPIC -march=r3000 -I./ -I../ -I../include/ -c env.c
/OSLAB/compiler/usr/bin/mips_4KC-gcc -O -G 0 -mno-abicalls -fno-builtin -Wa,-xgot -Wall -fPIC -march=r3000 -I./ -I../ -I../include/ -c print.c
/OSLAB/compiler/usr/bin/mips_4KC-gcc -O -G 0 -mno-abicalls -fno-builtin -Wa,-xgot -Wall -fPIC -march=r3000 -I./ -I../ -I../include/ -c printf.c
/OSLAB/compiler/usr/bin/mips_4KC-gcc -O -G 0 -mno-abicalls -fno-builtin -Wa,-xgot -Wall -fPIC -march=r3000 -I./ -I../ -I../include/ -c sched.c
/OSLAB/compiler/usr/bin/mips_4KC-gcc -O -G 0 -mno-abicalls -fno-builtin -Wa,-xgot -Wall -fPIC -march=r3000 -I./ -I../ -I../include/ -c env_asm.S
env_asm.S: Assembler messages:
env_asm.S:62: Warning: Used $at without ".set noat"
/OSLAB/compiler/usr/bin/mips_4KC-gcc -O -G 0 -mno-abicalls -fno-builtin -Wa,-xgot -Wall -fPIC -march=r3000 -I./ -I../ -I../include/ -c kclock.c
/OSLAB/compiler/usr/bin/mips_4KC-gcc -O -G 0 -mno-abicalls -fno-builtin -Wa,-xgot -Wall -fPIC -march=r3000 -I./ -I../ -I../include/ -c traps.c
/OSLAB/compiler/usr/bin/mips_4KC-gcc -O -G 0 -mno-abicalls -fno-builtin -Wa,-xgot -Wall -fPIC -march=r3000 -I./ -I../ -I../include/ -c genex.S
genex.S: Assembler messages:
genex.S:54: Warning: Used $at without ".set noat"
genex.S:156: Warning: Used $at without ".set noat"
genex.S:157: Warning: Used $at without ".set noat"
genex.S:158: Warning: Used $at without ".set noat"
/OSLAB/compiler/usr/bin/mips_4KC-gcc -O -G 0 -mno-abicalls -fno-builtin -Wa,-xgot -Wall -fPIC -march=r3000 -I./ -I../ -I../include/ -c kclock_asm.S
/OSLAB/compiler/usr/bin/mips_4KC-gcc -O -G 0 -mno-abicalls -fno-builtin -Wa,-xgot -Wall -fPIC -march=r3000 -I./ -I../ -I../include/ -c syscall.S
syscall.S: Assembler messages:
syscall.S:9: Warning: Used $at without ".set noat"
/OSLAB/compiler/usr/bin/mips_4KC-gcc -O -G 0 -mno-abicalls -fno-builtin -Wa,-xgot -Wall -fPIC -march=r3000 -I./ -I../ -I../include/ -c syscall_all.c
syscall_all.c: In function 'sys_putchar':
syscall_all.c:19: warning: implicit declaration of function 'printcharc'
/OSLAB/compiler/usr/bin/mips_4KC-gcc -O -G 0 -mno-abicalls -fno-builtin -Wa,-xgot -Wall -fPIC -march=r3000 -I./ -I../ -I../include/ -c getc.S
make[1]: Leaving directory `/usr/src/workdir/lib'
make --directory=mm
make[1]: Entering directory `/usr/src/workdir/mm'
/OSLAB/compiler/usr/bin/mips_4KC-gcc -O -G 0 -mno-abicalls -fno-builtin -Wa,-xgot -Wall -fPIC -march=r3000 -I./ -I../ -I../include/ -c pmap.c
/OSLAB/compiler/usr/bin/mips_4KC-gcc -O -G 0 -mno-abicalls -fno-builtin -Wa,-xgot -Wall -fPIC -march=r3000 -I./ -I../ -I../include/ -c tlb_asm.S
make[1]: Leaving directory `/usr/src/workdir/mm'
make --directory=user
make[1]: Entering directory `/usr/src/workdir/user'
/OSLAB/compiler/usr/bin/mips_4KC-gcc -O -G 0 -mno-abicalls -fno-builtin -Wa,-xgot -Wall -fPIC -march=r3000 -I../include/ -c -o entry.o entry.S
entry.S: Assembler messages:
entry.S:104: Warning: Used $at without ".set noat"
/OSLAB/compiler/usr/bin/mips_4KC-gcc -O -G 0 -mno-abicalls -fno-builtin -Wa,-xgot -Wall -fPIC -march=r3000 -I../include/ -c -o syscall_wrap.o syscall_wrap.S
/OSLAB/compiler/usr/bin/mips_4KC-gcc -O -G 0 -mno-abicalls -fno-builtin -Wa,-xgot -Wall -fPIC -march=r3000 -I../include/ -c -o testptelibrary.o testptelibrary.c
testptelibrary.c: In function 'umain':
testptelibrary.c:16: warning: passing argument 2 of 'syscall_mem_alloc' makes integer from pointer without a cast
testptelibrary.c:45:2: warning: no newline at end of file
/OSLAB/compiler/usr/bin/mips_4KC-gcc -O -G 0 -mno-abicalls -fno-builtin -Wa,-xgot -Wall -fPIC -march=r3000 -I../include/ -c -o printf.o printf.c
printf.c: In function 'writef':
printf.c:27: warning: passing argument 1 of 'user_lp_Print' from incompatible pointer type
printf.c: In function '_user_panic':
printf.c:39: warning: passing argument 1 of 'user_lp_Print' from incompatible pointer type
/OSLAB/compiler/usr/bin/mips_4KC-gcc -O -G 0 -mno-abicalls -fno-builtin -Wa,-xgot -Wall -fPIC -march=r3000 -I../include/ -c -o print.o print.c
/OSLAB/compiler/usr/bin/mips_4KC-gcc -O -G 0 -mno-abicalls -fno-builtin -Wa,-xgot -Wall -fPIC -march=r3000 -I../include/ -c -o libos.o libos.c
/OSLAB/compiler/usr/bin/mips_4KC-gcc -O -G 0 -mno-abicalls -fno-builtin -Wa,-xgot -Wall -fPIC -march=r3000 -I../include/ -c -o fork.o fork.c
/OSLAB/compiler/usr/bin/mips_4KC-gcc -O -G 0 -mno-abicalls -fno-builtin -Wa,-xgot -Wall -fPIC -march=r3000 -I../include/ -c -o pgfault.o pgfault.c
/OSLAB/compiler/usr/bin/mips_4KC-gcc -O -G 0 -mno-abicalls -fno-builtin -Wa,-xgot -Wall -fPIC -march=r3000 -I../include/ -c -o syscall_lib.o syscall_lib.c
/OSLAB/compiler/usr/bin/mips_4KC-gcc -O -G 0 -mno-abicalls -fno-builtin -Wa,-xgot -Wall -fPIC -march=r3000 -I../include/ -c -o ipc.o ipc.c
ipc.c:3:17: warning: extra tokens at end of #include directive
/OSLAB/compiler/usr/bin/mips_4KC-gcc -O -G 0 -mno-abicalls -fno-builtin -Wa,-xgot -Wall -fPIC -march=r3000 -I../include/ -c -o string.o string.c
/OSLAB/compiler/usr/bin/mips_4KC-gcc -O -G 0 -mno-abicalls -fno-builtin -Wa,-xgot -Wall -fPIC -march=r3000 -I../include/ -c -o fd.o fd.c
/OSLAB/compiler/usr/bin/mips_4KC-gcc -O -G 0 -mno-abicalls -fno-builtin -Wa,-xgot -Wall -fPIC -march=r3000 -I../include/ -c -o pageref.o pageref.c
/OSLAB/compiler/usr/bin/mips_4KC-gcc -O -G 0 -mno-abicalls -fno-builtin -Wa,-xgot -Wall -fPIC -march=r3000 -I../include/ -c -o file.o file.c
/OSLAB/compiler/usr/bin/mips_4KC-gcc -O -G 0 -mno-abicalls -fno-builtin -Wa,-xgot -Wall -fPIC -march=r3000 -I../include/ -c -o pipe.o pipe.c
pipe.c: In function 'pipewrite':
pipe.c:170: warning: initialization discards qualifiers from pointer target type
pipe.c: In function 'pipestat':
pipe.c:192: warning: unused variable 'p'
pipe.c:196: warning: control reaches end of non-void function
pipe.c: In function 'pipeclose':
pipe.c:201: warning: passing argument 2 of 'syscall_mem_unmap' makes integer from pointer without a cast
/OSLAB/compiler/usr/bin/mips_4KC-gcc -O -G 0 -mno-abicalls -fno-builtin -Wa,-xgot -Wall -fPIC -march=r3000 -I../include/ -c -o fsipc.o fsipc.c
/OSLAB/compiler/usr/bin/mips_4KC-gcc -O -G 0 -mno-abicalls -fno-builtin -Wa,-xgot -Wall -fPIC -march=r3000 -I../include/ -c -o wait.o wait.c
/OSLAB/compiler/usr/bin/mips_4KC-gcc -O -G 0 -mno-abicalls -fno-builtin -Wa,-xgot -Wall -fPIC -march=r3000 -I../include/ -c -o spawn.o spawn.c
spawn.c: In function 'init_stack':
spawn.c:62: warning: assignment makes integer from pointer without a cast
spawn.c: In function 'spawn':
spawn.c:231: warning: unused variable 'blk'
spawn.c:309: warning: 'size' is used uninitialized in this function
/OSLAB/compiler/usr/bin/mips_4KC-gcc -O -G 0 -mno-abicalls -fno-builtin -Wa,-xgot -Wall -fPIC -march=r3000 -I../include/ -c -o console.o console.c
/OSLAB/compiler/usr/bin/mips_4KC-gcc -O -G 0 -mno-abicalls -fno-builtin -Wa,-xgot -Wall -fPIC -march=r3000 -I../include/ -c -o fprintf.o fprintf.c
fprintf.c: In function 'fwritef':
fprintf.c:24: warning: passing argument 1 of 'user_lp_Print' from incompatible pointer type
/OSLAB/compiler/usr/bin/mips_4KC-ld -o testptelibrary.b  -G 0 -static -n -nostdlib -T ./user.lds entry.o syscall_wrap.o testptelibrary.o printf.o print.o libos.o fork.o pgfault.o syscall_lib.o ipc.o string.o fd.o pageref.o file.o pipe.o fsipc.o wait.o spawn.o console.o fprintf.o
chmod +x ./bintoc
./bintoc testptelibrary testptelibrary.b > testptelibrary.b.c~ && mv -f testptelibrary.b.c~ testptelibrary.b.c
/OSLAB/compiler/usr/bin/mips_4KC-gcc -O -G 0 -mno-abicalls -fno-builtin -Wa,-xgot -Wall -fPIC -march=r3000 -c -o testptelibrary.x testptelibrary.b.c
/OSLAB/compiler/usr/bin/mips_4KC-gcc -O -G 0 -mno-abicalls -fno-builtin -Wa,-xgot -Wall -fPIC -march=r3000 -I../include/ -c -o fktest.o fktest.c
/OSLAB/compiler/usr/bin/mips_4KC-ld -o fktest.b  -G 0 -static -n -nostdlib -T ./user.lds entry.o syscall_wrap.o fktest.o printf.o print.o libos.o fork.o pgfault.o syscall_lib.o ipc.o string.o fd.o pageref.o file.o pipe.o fsipc.o wait.o spawn.o console.o fprintf.o
chmod +x ./bintoc
./bintoc fktest fktest.b > fktest.b.c~ && mv -f fktest.b.c~ fktest.b.c
/OSLAB/compiler/usr/bin/mips_4KC-gcc -O -G 0 -mno-abicalls -fno-builtin -Wa,-xgot -Wall -fPIC -march=r3000 -c -o fktest.x fktest.b.c
/OSLAB/compiler/usr/bin/mips_4KC-gcc -O -G 0 -mno-abicalls -fno-builtin -Wa,-xgot -Wall -fPIC -march=r3000 -I../include/ -c -o pingpong.o pingpong.c
/OSLAB/compiler/usr/bin/mips_4KC-ld -o pingpong.b  -G 0 -static -n -nostdlib -T ./user.lds entry.o syscall_wrap.o pingpong.o printf.o print.o libos.o fork.o pgfault.o syscall_lib.o ipc.o string.o fd.o pageref.o file.o pipe.o fsipc.o wait.o spawn.o console.o fprintf.o
chmod +x ./bintoc
./bintoc pingpong pingpong.b > pingpong.b.c~ && mv -f pingpong.b.c~ pingpong.b.c
/OSLAB/compiler/usr/bin/mips_4KC-gcc -O -G 0 -mno-abicalls -fno-builtin -Wa,-xgot -Wall -fPIC -march=r3000 -c -o pingpong.x pingpong.b.c
/OSLAB/compiler/usr/bin/mips_4KC-gcc -O -G 0 -mno-abicalls -fno-builtin -Wa,-xgot -Wall -fPIC -march=r3000 -I../include/ -c -o idle.o idle.c
idle.c:4: warning: return type defaults to 'int'
idle.c:4: warning: conflicting types for 'umain'
lib.h:11: warning: previous declaration of 'umain' was here
/OSLAB/compiler/usr/bin/mips_4KC-ld -o idle.b  -G 0 -static -n -nostdlib -T ./user.lds entry.o syscall_wrap.o idle.o printf.o print.o libos.o fork.o pgfault.o syscall_lib.o ipc.o string.o fd.o pageref.o file.o pipe.o fsipc.o wait.o spawn.o console.o fprintf.o
chmod +x ./bintoc
./bintoc idle idle.b > idle.b.c~ && mv -f idle.b.c~ idle.b.c
/OSLAB/compiler/usr/bin/mips_4KC-gcc -O -G 0 -mno-abicalls -fno-builtin -Wa,-xgot -Wall -fPIC -march=r3000 -c -o idle.x idle.b.c
/OSLAB/compiler/usr/bin/mips_4KC-gcc -O -G 0 -mno-abicalls -fno-builtin -Wa,-xgot -Wall -fPIC -march=r3000 -I../include/ -c -o testarg.o testarg.c
/OSLAB/compiler/usr/bin/mips_4KC-ld -o testarg.b  -G 0 -static -n -nostdlib -T ./user.lds entry.o syscall_wrap.o testarg.o printf.o print.o libos.o fork.o pgfault.o syscall_lib.o ipc.o string.o fd.o pageref.o file.o pipe.o fsipc.o wait.o spawn.o console.o fprintf.o
/OSLAB/compiler/usr/bin/mips_4KC-gcc -O -G 0 -mno-abicalls -fno-builtin -Wa,-xgot -Wall -fPIC -march=r3000 -I../include/ -c -o testpipe.o testpipe.c
/OSLAB/compiler/usr/bin/mips_4KC-ld -o testpipe.b  -G 0 -static -n -nostdlib -T ./user.lds entry.o syscall_wrap.o testpipe.o printf.o print.o libos.o fork.o pgfault.o syscall_lib.o ipc.o string.o fd.o pageref.o file.o pipe.o fsipc.o wait.o spawn.o console.o fprintf.o
chmod +x ./bintoc
./bintoc testpipe testpipe.b > testpipe.b.c~ && mv -f testpipe.b.c~ testpipe.b.c
/OSLAB/compiler/usr/bin/mips_4KC-gcc -O -G 0 -mno-abicalls -fno-builtin -Wa,-xgot -Wall -fPIC -march=r3000 -c -o testpipe.x testpipe.b.c
/OSLAB/compiler/usr/bin/mips_4KC-gcc -O -G 0 -mno-abicalls -fno-builtin -Wa,-xgot -Wall -fPIC -march=r3000 -I../include/ -c -o testpiperace.o testpiperace.c
/OSLAB/compiler/usr/bin/mips_4KC-ld -o testpiperace.b  -G 0 -static -n -nostdlib -T ./user.lds entry.o syscall_wrap.o testpiperace.o printf.o print.o libos.o fork.o pgfault.o syscall_lib.o ipc.o string.o fd.o pageref.o file.o pipe.o fsipc.o wait.o spawn.o console.o fprintf.o
chmod +x ./bintoc
./bintoc testpiperace testpiperace.b > testpiperace.b.c~ && mv -f testpiperace.b.c~ testpiperace.b.c
/OSLAB/compiler/usr/bin/mips_4KC-gcc -O -G 0 -mno-abicalls -fno-builtin -Wa,-xgot -Wall -fPIC -march=r3000 -c -o testpiperace.x testpiperace.b.c
/OSLAB/compiler/usr/bin/mips_4KC-gcc -O -G 0 -mno-abicalls -fno-builtin -Wa,-xgot -Wall -fPIC -march=r3000 -I../include/ -c -o icode.o icode.c
/OSLAB/compiler/usr/bin/mips_4KC-ld -o icode.b  -G 0 -static -n -nostdlib -T ./user.lds entry.o syscall_wrap.o icode.o printf.o print.o libos.o fork.o pgfault.o syscall_lib.o ipc.o string.o fd.o pageref.o file.o pipe.o fsipc.o wait.o spawn.o console.o fprintf.o
chmod +x ./bintoc
./bintoc icode icode.b > icode.b.c~ && mv -f icode.b.c~ icode.b.c
/OSLAB/compiler/usr/bin/mips_4KC-gcc -O -G 0 -mno-abicalls -fno-builtin -Wa,-xgot -Wall -fPIC -march=r3000 -c -o icode.x icode.b.c
/OSLAB/compiler/usr/bin/mips_4KC-gcc -O -G 0 -mno-abicalls -fno-builtin -Wa,-xgot -Wall -fPIC -march=r3000 -I../include/ -c -o init.o init.c
/OSLAB/compiler/usr/bin/mips_4KC-ld -o init.b  -G 0 -static -n -nostdlib -T ./user.lds entry.o syscall_wrap.o init.o printf.o print.o libos.o fork.o pgfault.o syscall_lib.o ipc.o string.o fd.o pageref.o file.o pipe.o fsipc.o wait.o spawn.o console.o fprintf.o
/OSLAB/compiler/usr/bin/mips_4KC-gcc -O -G 0 -mno-abicalls -fno-builtin -Wa,-xgot -Wall -fPIC -march=r3000 -I../include/ -c -o sh.o sh.c
sh.c: In function 'runcmd':
sh.c:85: warning: unused variable 'fdnum'
/OSLAB/compiler/usr/bin/mips_4KC-ld -o sh.b  -G 0 -static -n -nostdlib -T ./user.lds entry.o syscall_wrap.o sh.o printf.o print.o libos.o fork.o pgfault.o syscall_lib.o ipc.o string.o fd.o pageref.o file.o pipe.o fsipc.o wait.o spawn.o console.o fprintf.o
/OSLAB/compiler/usr/bin/mips_4KC-gcc -O -G 0 -mno-abicalls -fno-builtin -Wa,-xgot -Wall -fPIC -march=r3000 -I../include/ -c -o cat.o cat.c
/OSLAB/compiler/usr/bin/mips_4KC-ld -o cat.b  -G 0 -static -n -nostdlib -T ./user.lds entry.o syscall_wrap.o cat.o printf.o print.o libos.o fork.o pgfault.o syscall_lib.o ipc.o string.o fd.o pageref.o file.o pipe.o fsipc.o wait.o spawn.o console.o fprintf.o
/OSLAB/compiler/usr/bin/mips_4KC-gcc -O -G 0 -mno-abicalls -fno-builtin -Wa,-xgot -Wall -fPIC -march=r3000 -I../include/ -c -o ls.o ls.c
ls.c: In function 'lsdir':
ls.c:32: warning: pointer targets in passing argument 4 of 'ls1' differ in signedness
/OSLAB/compiler/usr/bin/mips_4KC-ld -o ls.b  -G 0 -static -n -nostdlib -T ./user.lds entry.o syscall_wrap.o ls.o printf.o print.o libos.o fork.o pgfault.o syscall_lib.o ipc.o string.o fd.o pageref.o file.o pipe.o fsipc.o wait.o spawn.o console.o fprintf.o
/OSLAB/compiler/usr/bin/mips_4KC-gcc -O -G 0 -mno-abicalls -fno-builtin -Wa,-xgot -Wall -fPIC -march=r3000 -I../include/ -c -o fstest.o fstest.c
fstest.c: In function 'umain':
fstest.c:59: warning: implicit declaration of function 'remove'
/OSLAB/compiler/usr/bin/mips_4KC-ld -o fstest.b  -G 0 -static -n -nostdlib -T ./user.lds entry.o syscall_wrap.o fstest.o printf.o print.o libos.o fork.o pgfault.o syscall_lib.o ipc.o string.o fd.o pageref.o file.o pipe.o fsipc.o wait.o spawn.o console.o fprintf.o
chmod +x ./bintoc
./bintoc fstest fstest.b > fstest.b.c~ && mv -f fstest.b.c~ fstest.b.c
/OSLAB/compiler/usr/bin/mips_4KC-gcc -O -G 0 -mno-abicalls -fno-builtin -Wa,-xgot -Wall -fPIC -march=r3000 -c -o fstest.x fstest.b.c
rm testpiperace.b.c testpipe.o idle.o testarg.o testptelibrary.o pingpong.b.c icode.b.c idle.b testpiperace.o fktest.b.c testpipe.b.c idle.b.c testpiperace.b pingpong.o testptelibrary.b.c init.o icode.o cat.o sh.o fstest.b.c fstest.o testpipe.b ls.o icode.b fktest.o
make[1]: Leaving directory `/usr/src/workdir/user'
make --directory=fs
make[1]: Entering directory `/usr/src/workdir/fs'
/OSLAB/compiler/usr/bin/mips_4KC-gcc -O -G 0 -mno-abicalls -fno-builtin -Wa,-xgot -Wall -fPIC -march=r3000 -I../include/ -I../user/ -c -o serv.o serv.c
/OSLAB/compiler/usr/bin/mips_4KC-gcc -O -G 0 -mno-abicalls -fno-builtin -Wa,-xgot -Wall -fPIC -march=r3000 -I../include/ -I../user/ -c -o fs.o fs.c
/OSLAB/compiler/usr/bin/mips_4KC-gcc -O -G 0 -mno-abicalls -fno-builtin -Wa,-xgot -Wall -fPIC -march=r3000 -I../include/ -I../user/ -c -o ide.o ide.c
/OSLAB/compiler/usr/bin/mips_4KC-gcc -O -G 0 -mno-abicalls -fno-builtin -Wa,-xgot -Wall -fPIC -march=r3000 -I../include/ -I../user/ -c -o test.o test.c
/OSLAB/compiler/usr/bin/mips_4KC-ld -o serv.b  -G 0 -static -n -nostdlib -T ../user/user.lds ../user/entry.o ../user/syscall_wrap.o serv.o ../user/printf.o ../user/print.o ../user/libos.o ../user/fork.o ../user/pgfault.o ../user/syscall_lib.o ../user/ipc.o ../user/string.o ../user/fd.o ../user/pageref.o ../user/file.o ../user/fsipc.o ../user/wait.o ../user/spawn.o ../user/pipe.o ../user/console.o ../user/fprintf.o fs.o ide.o test.o
echo bintoc serv serv.b > serv.b.c~ 
chmod +x ./bintoc
./bintoc serv serv.b > serv.b.c~ && mv -f serv.b.c~ serv.b.c
/OSLAB/compiler/usr/bin/mips_4KC-gcc -I../include/ -I../user/ -O -G 0 -mno-abicalls -fno-builtin -Wa,-xgot -Wall -fPIC -march=r3000 -c -o serv.x serv.b.c
/OSLAB/compiler/usr/bin/mips_4KC-gcc -O -G 0 -mno-abicalls -fno-builtin -Wa,-xgot -Wall -fPIC -march=r3000 -I../include/ -I../user/ -c -o ../user/testptelibrary.o ../user/testptelibrary.c
../user/testptelibrary.c: In function 'umain':
../user/testptelibrary.c:16: warning: passing argument 2 of 'syscall_mem_alloc' makes integer from pointer without a cast
../user/testptelibrary.c:45:2: warning: no newline at end of file
/OSLAB/compiler/usr/bin/mips_4KC-ld -o ../user/testptelibrary.b  -G 0 -static -n -nostdlib -T ../user/user.lds ../user/entry.o ../user/syscall_wrap.o ../user/testptelibrary.o ../user/printf.o ../user/print.o ../user/libos.o ../user/fork.o ../user/pgfault.o ../user/syscall_lib.o ../user/ipc.o ../user/string.o ../user/fd.o ../user/pageref.o ../user/file.o ../user/fsipc.o ../user/wait.o ../user/spawn.o ../user/pipe.o ../user/console.o ../user/fprintf.o fs.o ide.o test.o
/OSLAB/compiler/usr/bin/mips_4KC-gcc -O -G 0 -mno-abicalls -fno-builtin -Wa,-xgot -Wall -fPIC -march=r3000 -I../include/ -I../user/ -c -o ../user/testarg.o ../user/testarg.c
/OSLAB/compiler/usr/bin/mips_4KC-ld -o ../user/testarg.b  -G 0 -static -n -nostdlib -T ../user/user.lds ../user/entry.o ../user/syscall_wrap.o ../user/testarg.o ../user/printf.o ../user/print.o ../user/libos.o ../user/fork.o ../user/pgfault.o ../user/syscall_lib.o ../user/ipc.o ../user/string.o ../user/fd.o ../user/pageref.o ../user/file.o ../user/fsipc.o ../user/wait.o ../user/spawn.o ../user/pipe.o ../user/console.o ../user/fprintf.o fs.o ide.o test.o
/OSLAB/compiler/usr/bin/mips_4KC-gcc -O -G 0 -mno-abicalls -fno-builtin -Wa,-xgot -Wall -fPIC -march=r3000 -I../include/ -I../user/ -c -o ../user/init.o ../user/init.c
/OSLAB/compiler/usr/bin/mips_4KC-ld -o ../user/init.b  -G 0 -static -n -nostdlib -T ../user/user.lds ../user/entry.o ../user/syscall_wrap.o ../user/init.o ../user/printf.o ../user/print.o ../user/libos.o ../user/fork.o ../user/pgfault.o ../user/syscall_lib.o ../user/ipc.o ../user/string.o ../user/fd.o ../user/pageref.o ../user/file.o ../user/fsipc.o ../user/wait.o ../user/spawn.o ../user/pipe.o ../user/console.o ../user/fprintf.o fs.o ide.o test.o
/OSLAB/compiler/usr/bin/mips_4KC-gcc -O -G 0 -mno-abicalls -fno-builtin -Wa,-xgot -Wall -fPIC -march=r3000 -I../include/ -I../user/ -c -o ../user/num.o ../user/num.c
/OSLAB/compiler/usr/bin/mips_4KC-ld -o ../user/num.b  -G 0 -static -n -nostdlib -T ../user/user.lds ../user/entry.o ../user/syscall_wrap.o ../user/num.o ../user/printf.o ../user/print.o ../user/libos.o ../user/fork.o ../user/pgfault.o ../user/syscall_lib.o ../user/ipc.o ../user/string.o ../user/fd.o ../user/pageref.o ../user/file.o ../user/fsipc.o ../user/wait.o ../user/spawn.o ../user/pipe.o ../user/console.o ../user/fprintf.o fs.o ide.o test.o
/OSLAB/compiler/usr/bin/mips_4KC-gcc -O -G 0 -mno-abicalls -fno-builtin -Wa,-xgot -Wall -fPIC -march=r3000 -I../include/ -I../user/ -c -o ../user/echo.o ../user/echo.c
../user/echo.c:21:2: warning: no newline at end of file
/OSLAB/compiler/usr/bin/mips_4KC-ld -o ../user/echo.b  -G 0 -static -n -nostdlib -T ../user/user.lds ../user/entry.o ../user/syscall_wrap.o ../user/echo.o ../user/printf.o ../user/print.o ../user/libos.o ../user/fork.o ../user/pgfault.o ../user/syscall_lib.o ../user/ipc.o ../user/string.o ../user/fd.o ../user/pageref.o ../user/file.o ../user/fsipc.o ../user/wait.o ../user/spawn.o ../user/pipe.o ../user/console.o ../user/fprintf.o fs.o ide.o test.o
/OSLAB/compiler/usr/bin/mips_4KC-gcc -O -G 0 -mno-abicalls -fno-builtin -Wa,-xgot -Wall -fPIC -march=r3000 -I../include/ -I../user/ -c -o ../user/ls.o ../user/ls.c
../user/ls.c: In function 'lsdir':
../user/ls.c:32: warning: pointer targets in passing argument 4 of 'ls1' differ in signedness
/OSLAB/compiler/usr/bin/mips_4KC-ld -o ../user/ls.b  -G 0 -static -n -nostdlib -T ../user/user.lds ../user/entry.o ../user/syscall_wrap.o ../user/ls.o ../user/printf.o ../user/print.o ../user/libos.o ../user/fork.o ../user/pgfault.o ../user/syscall_lib.o ../user/ipc.o ../user/string.o ../user/fd.o ../user/pageref.o ../user/file.o ../user/fsipc.o ../user/wait.o ../user/spawn.o ../user/pipe.o ../user/console.o ../user/fprintf.o fs.o ide.o test.o
/OSLAB/compiler/usr/bin/mips_4KC-gcc -O -G 0 -mno-abicalls -fno-builtin -Wa,-xgot -Wall -fPIC -march=r3000 -I../include/ -I../user/ -c -o ../user/sh.o ../user/sh.c
../user/sh.c: In function 'runcmd':
../user/sh.c:85: warning: unused variable 'fdnum'
/OSLAB/compiler/usr/bin/mips_4KC-ld -o ../user/sh.b  -G 0 -static -n -nostdlib -T ../user/user.lds ../user/entry.o ../user/syscall_wrap.o ../user/sh.o ../user/printf.o ../user/print.o ../user/libos.o ../user/fork.o ../user/pgfault.o ../user/syscall_lib.o ../user/ipc.o ../user/string.o ../user/fd.o ../user/pageref.o ../user/file.o ../user/fsipc.o ../user/wait.o ../user/spawn.o ../user/pipe.o ../user/console.o ../user/fprintf.o fs.o ide.o test.o
/OSLAB/compiler/usr/bin/mips_4KC-gcc -O -G 0 -mno-abicalls -fno-builtin -Wa,-xgot -Wall -fPIC -march=r3000 -I../include/ -I../user/ -c -o ../user/cat.o ../user/cat.c
/OSLAB/compiler/usr/bin/mips_4KC-ld -o ../user/cat.b  -G 0 -static -n -nostdlib -T ../user/user.lds ../user/entry.o ../user/syscall_wrap.o ../user/cat.o ../user/printf.o ../user/print.o ../user/libos.o ../user/fork.o ../user/pgfault.o ../user/syscall_lib.o ../user/ipc.o ../user/string.o ../user/fd.o ../user/pageref.o ../user/file.o ../user/fsipc.o ../user/wait.o ../user/spawn.o ../user/pipe.o ../user/console.o ../user/fprintf.o fs.o ide.o test.o
dd if=/dev/zero of=../gxemul/fs.img bs=4096 count=1024 2>/dev/null
gcc -I../include/ -I../user/ fsformat.c -o ./fsformat -m32
chmod +x ./fsformat
./fsformat ../gxemul/fs.img ../user/testptelibrary.b motd lorem newmotd ../user/testarg.b ../user/init.b ../user/num.b ../user/echo.b ../user/ls.b ../user/sh.b ../user/cat.b  script  testshell.sh aaa.txt
rm serv.o ../user/testptelibrary.o test.o ../user/ls.o ../user/echo.o ../user/cat.o ../user/sh.o ../user/init.o ../user/testarg.o serv.b.c ide.o fs.o ../user/num.o
make[1]: Leaving directory `/usr/src/workdir/fs'
/OSLAB/compiler/usr/bin/mips_4KC-ld -o gxemul/vmlinux -N -T tools/scse0_3.lds boot/start.o init/main.o init/init.o init/code.o drivers/gxconsole/console.o lib/*.o user/*.x fs/*.x mm/*.o

End build at Sun Jun  6 14:55:23 CST 2021
[35m[ PASSED:4 ][0m
[35m[ TOTAL:4 ][0m
[32m[ You passed part 1 of lab6 , this lab is for pipe test  ][0m

[35m[ PASSED:9 ][0m
[35m[ TOTAL:9 ][0m
[32m[ You passed part 2 of lab6 , congratulations ! ][0m
[35m[  As we didn't test your shell function(Infact, we can only garrentee your shell is loaded) ,  you had better test your shell more! ][0m
[35m[ PASSED:5 ][0m
[35m[ TOTAL:5 ][0m
[35m[ PASSED:3 ][0m
[35m[ TOTAL:3 ][0m
[32m[ You passed part 3 of lab6 , congratulations ! ][0m
[35m[  Welcome trying the challenge of Lab6  ][0m
[33m[01m[ You got 100 (of 100) this time. Sun Jun  6 14:56:08 CST 2021 ][0m
